<?xml version="1.0" encoding="UTF-8"?>
<!-- Generated by org.testng.reporters.JUnitReportReporter -->
<testsuite hostname="shan-" failures="0" tests="2" name="DataDrivenFramework.DataDrivenFramework_POI.DDTExcel" time="99.460" errors="0" timestamp="2023-05-24T21:20:28 IST" skipped="0">
  <testcase classname="DataDrivenFramework.DataDrivenFramework_POI.DDTExcel" name="DemoProject" time="11.655"/>
  <system-out/>
  <testcase classname="DataDrivenFramework.DataDrivenFramework_POI.DDTExcel" name="DemoProject" time="87.805"/>
  <system-out/>
</testsuite> <!-- DataDrivenFramework.DataDrivenFramework_POI.DDTExcel -->
